d:\2018 sem2\engg1340\project1340\project1340\debug\vc141.pdb
d:\2018 sem2\engg1340\project1340\project1340\debug\vc141.idb
d:\2018 sem2\engg1340\project1340\project1340\debug\add.obj
d:\2018 sem2\engg1340\project1340\project1340\debug\main.obj
d:\2018 sem2\engg1340\project1340\project1340\debug\add.obj.enc
d:\2018 sem2\engg1340\project1340\debug\project1340.pdb
d:\2018 sem2\engg1340\project1340\project1340\debug\project1340.tlog\cl.command.1.tlog
d:\2018 sem2\engg1340\project1340\project1340\debug\project1340.tlog\link.read.1.tlog
d:\2018 sem2\engg1340\project1340\project1340\debug\project1340.tlog\link.write.1.tlog
d:\2018 sem2\engg1340\project1340\project1340\debug\project1340.tlog\link.command.1.tlog
d:\2018 sem2\engg1340\project1340\project1340\debug\project1340.tlog\cl.read.1.tlog
d:\2018 sem2\engg1340\project1340\project1340\debug\project1340.tlog\cl.write.1.tlog
d:\2018 sem2\engg1340\project1340\project1340\debug\project1340.tlog\link.1988-rc.read.1.tlog
d:\2018 sem2\engg1340\project1340\project1340\debug\project1340.tlog\link.1988-rc.write.1.tlog
d:\2018 sem2\engg1340\project1340\project1340\debug\project1340.tlog\link.1988-cvtres.read.1.tlog
d:\2018 sem2\engg1340\project1340\project1340\debug\project1340.tlog\link.1988-cvtres.write.1.tlog
d:\2018 sem2\engg1340\project1340\project1340\debug\project1340.tlog\link.1988.read.1.tlog
d:\2018 sem2\engg1340\project1340\project1340\debug\project1340.tlog\link.1988.write.1.tlog
d:\2018 sem2\engg1340\project1340\project1340\debug\project1340.tlog\link-rc.read.1.tlog
d:\2018 sem2\engg1340\project1340\project1340\debug\project1340.tlog\link-rc.write.1.tlog
d:\2018 sem2\engg1340\project1340\project1340\debug\project1340.tlog\link-cvtres.read.1.tlog
d:\2018 sem2\engg1340\project1340\project1340\debug\project1340.tlog\link-cvtres.write.1.tlog
